{
  "success": false,
  "startTime": 1471521609655,
  "numTotalTestSuites": 11,
  "numPassedTestSuites": 10,
  "numFailedTestSuites": 1,
  "numRuntimeErrorTestSuites": 0,
  "numTotalTests": 33,
  "numPassedTests": 29,
  "numFailedTests": 2,
  "numPendingTests": 2,
  "testResults": [
    {
      "console": null,
      "displayName": "",
      "failureMessage": "  \u001b[1m● \u001b[22mTest suite failed to run\n\n    Cannot find module '../../../../test/enzyme-utils-local' from 'SpaceOverview-test.js'\n\n    \u001b[0m \u001b[90m 12 | \u001b[39mjest\u001b[33m.\u001b[39mmock(\u001b[32m\"../../InlineComments\"\u001b[39m)\u001b[33m;\u001b[39m\u001b[0m\n    \u001b[0m \u001b[90m 13 | \u001b[39mjest\u001b[33m.\u001b[39mmock(\u001b[32m\"../../EditorLoader\"\u001b[39m)\u001b[33m;\u001b[39m\u001b[0m\n    \u001b[0m\u001b[31m\u001b[1m>\u001b[22m\u001b[39m\u001b[90m 14 | \u001b[39mjest\u001b[33m.\u001b[39mmock(\u001b[32m\"../../EditorFlags\"\u001b[39m)\u001b[33m;\u001b[39m\u001b[0m\n    \u001b[0m \u001b[90m    | \u001b[39m                                                             \u001b[31m\u001b[1m^\u001b[22m\u001b[39m\u001b[0m\n    \u001b[0m \u001b[90m 15 | \u001b[39m\u001b[0m\n    \u001b[0m \u001b[90m 16 | \u001b[39mit(\u001b[32m\"should show blank experience if space doesn't have space overview page\"\u001b[39m\u001b[33m,\u001b[39m async () \u001b[33m=>\u001b[39m {\u001b[0m\n    \u001b[0m \u001b[90m 17 | \u001b[39m  \u001b[36mconst\u001b[39m wrapper \u001b[33m=\u001b[39m await mockAndMount(\u001b[33m<\u001b[39m\u001b[33mSpaceOverview\u001b[39m spaceKey\u001b[33m=\u001b[39m\u001b[32m\"DS\"\u001b[39m \u001b[33m/\u001b[39m\u001b[33m>\u001b[39m\u001b[33m,\u001b[39m {\u001b[0m\n\n      \u001b[2mat Resolver.resolveModule (\u001b[22m\u001b[0m\u001b[36m../../node_modules/jest-runner/node_modules/jest-resolve/build/index.js\u001b[39m\u001b[0m\u001b[2m:210:17)\u001b[22m\n      \u001b[2mat Object.<anonymous> (\u001b[22m\u001b[0m\u001b[36msrc/components/SpaceOverview/__tests__/SpaceOverview-test.js\u001b[39m\u001b[0m\u001b[2m:14:376)\u001b[22m\n",
      "leaks": false,
      "numFailingTests": 0,
      "numPassingTests": 0,
      "numPendingTests": 0,
      "openHandles": [],
      "perfStats": {
        "end": 0,
        "start": 0
      },
      "skipped": false,
      "snapshot": {
        "added": 0,
        "fileDeleted": false,
        "matched": 0,
        "unchecked": 0,
        "uncheckedKeys": [],
        "unmatched": 0,
        "updated": 0
      },
      "sourceMaps": {},
      "testExecError": "Cannot find module '../../../../test/enzyme-utils-local' from 'SpaceOverview-test.js'",
      "testFilePath": "src/components/SpaceOverview/__tests__/SpaceOverview-test.js",
      "testResults": []
    },
    {
      "numFailingTests": 2,
      "numPassingTests": 1,
      "numPendingTests": 1,
      "testResults": [
        {
          "title": "it should call \"asyncFetchOpportunities\"",
          "status": "failed",
          "ancestorTitles": [
            "Saga middleware"
          ],
          "failureMessages": [
            "Expected [ 'somethingBeingTested' ] to equal [ 'notsomethingBeingTested' ].\n    at stack (/anotherPath/to/node_modules/jest-cli/node_modules/jest-jasmine2/vendor/jasmine-2.4.1.js:1580:17)\n    at Object.buildExpectationResult (/anotherPath/to/node_modules/jest-cli/node_modules/jest-jasmine2/vendor/jasmine-2.4.1.js:1550:14)\n    at jasmine.buildExpectationResult (/anotherPath/to/node_modules/jest-cli/node_modules/jest-jasmine2/src/index.js:80:44)\n    at Spec.Env.expectationResultFactory (/anotherPath/to/node_modules/jest-cli/node_modules/jest-jasmine2/vendor/jasmine-2.4.1.js:641:18)\n    at Spec.addExpectationResult (/anotherPath/to/node_modules/jest-cli/node_modules/jest-jasmine2/vendor/jasmine-2.4.1.js:333:34)\n    at Expectation.addExpectationResult (/anotherPath/to/node_modules/jest-cli/node_modules/jest-jasmine2/vendor/jasmine-2.4.1.js:591:21)\n    at Expectation.eval [as toEqual] (/anotherPath/to/node_modules/jest-cli/node_modules/jest-jasmine2/vendor/jasmine-2.4.1.js:1504:12)\n    at Object.eval (/path/to/somethingBeingTested/__tests__/saga-test.js:12:63)\n    at Object.<anonymous> (/anotherPath/to/node_modules/jest-cli/node_modules/jest-jasmine2/src/jasmine-pit.js:35:32)\n    at attemptAsync (/anotherPath/to/node_modules/jest-cli/node_modules/jest-jasmine2/vendor/jasmine-2.4.1.js:1919:24)\n    at QueueRunner.run (/anotherPath/to/node_modules/jest-cli/node_modules/jest-jasmine2/vendor/jasmine-2.4.1.js:1874:9)\n    at QueueRunner.execute (/anotherPath/to/node_modules/jest-cli/node_modules/jest-jasmine2/vendor/jasmine-2.4.1.js:1862:10)\n    at Spec.Env.queueRunnerFactory (/anotherPath/to/node_modules/jest-cli/node_modules/jest-jasmine2/vendor/jasmine-2.4.1.js:700:35)\n    at Spec.execute (/anotherPath/to/node_modules/jest-cli/node_modules/jest-jasmine2/vendor/jasmine-2.4.1.js:362:10)\n    at Object.fn (/anotherPath/to/node_modules/jest-cli/node_modules/jest-jasmine2/vendor/jasmine-2.4.1.js:2483:37)\n    at attemptAsync (/anotherPath/to/node_modules/jest-cli/node_modules/jest-jasmine2/vendor/jasmine-2.4.1.js:1919:24)\n    at QueueRunner.run (/anotherPath/to/node_modules/jest-cli/node_modules/jest-jasmine2/vendor/jasmine-2.4.1.js:1874:9)\n    at QueueRunner.execute (/anotherPath/to/node_modules/jest-cli/node_modules/jest-jasmine2/vendor/jasmine-2.4.1.js:1862:10)\n    at Env.queueRunnerFactory (/anotherPath/to/node_modules/jest-cli/node_modules/jest-jasmine2/vendor/jasmine-2.4.1.js:700:35)\n    at Object.fn (/anotherPath/to/node_modules/jest-cli/node_modules/jest-jasmine2/vendor/jasmine-2.4.1.js:2468:13)\n    at attemptAsync (/anotherPath/to/node_modules/jest-cli/node_modules/jest-jasmine2/vendor/jasmine-2.4.1.js:1919:24)\n    at QueueRunner.run (/anotherPath/to/node_modules/jest-cli/node_modules/jest-jasmine2/vendor/jasmine-2.4.1.js:1874:9)\n    at QueueRunner.execute (/anotherPath/to/node_modules/jest-cli/node_modules/jest-jasmine2/vendor/jasmine-2.4.1.js:1862:10)\n    at Env.queueRunnerFactory (/anotherPath/to/node_modules/jest-cli/node_modules/jest-jasmine2/vendor/jasmine-2.4.1.js:700:35)\n    at TreeProcessor.execute (/anotherPath/to/node_modules/jest-cli/node_modules/jest-jasmine2/vendor/jasmine-2.4.1.js:2330:7)\n    at Env.execute (/anotherPath/to/node_modules/jest-cli/node_modules/jest-jasmine2/vendor/jasmine-2.4.1.js:760:17)\n    at jasmine2 (/anotherPath/to/node_modules/jest-cli/node_modules/jest-jasmine2/src/index.js:253:7)\n    at Test.run (/anotherPath/to/node_modules/jest-cli/src/Test.js:44:12)\n    at process.on.module.exports.Test.run.then.result (/anotherPath/to/node_modules/jest-cli/src/TestWorker.js:50:8)\n    at handle (/anotherPath/to/node_modules/jest-cli/node_modules/worker-farm/lib/child/index.js:41:8)\n    at process.<anonymous> (/anotherPath/to/node_modules/jest-cli/node_modules/worker-farm/lib/child/index.js:47:3)\n    at emitTwo (events.js:87:13)\n    at process.emit (events.js:172:7)\n    at handleMessage (internal/child_process.js:686:10)\n    at Pipe.channel.onread (internal/child_process.js:440:11)",
            "Expected Object({ type: 'OPPORTUNITIES_FETCH_SUCCEEDED', opportunities: undefined }) to equal Object({ type: 'OPPORTUNITIES_FETCH_SUCCEEDED2', opportunities: null }).\n    at stack (/anotherPath/to/node_modules/jest-cli/node_modules/jest-jasmine2/vendor/jasmine-2.4.1.js:1580:17)\n    at Object.buildExpectationResult (/anotherPath/to/node_modules/jest-cli/node_modules/jest-jasmine2/vendor/jasmine-2.4.1.js:1550:14)\n    at jasmine.buildExpectationResult (/anotherPath/to/node_modules/jest-cli/node_modules/jest-jasmine2/src/index.js:80:44)\n    at Spec.Env.expectationResultFactory (/anotherPath/to/node_modules/jest-cli/node_modules/jest-jasmine2/vendor/jasmine-2.4.1.js:641:18)\n    at Spec.addExpectationResult (/anotherPath/to/node_modules/jest-cli/node_modules/jest-jasmine2/vendor/jasmine-2.4.1.js:333:34)\n    at Expectation.addExpectationResult (/anotherPath/to/node_modules/jest-cli/node_modules/jest-jasmine2/vendor/jasmine-2.4.1.js:591:21)\n    at Expectation.eval [as toEqual] (/anotherPath/to/node_modules/jest-cli/node_modules/jest-jasmine2/vendor/jasmine-2.4.1.js:1504:12)\n    at Object.eval (/path/to/somethingBeingTested/__tests__/saga-test.js:15:63)\n    at Object.<anonymous> (/anotherPath/to/node_modules/jest-cli/node_modules/jest-jasmine2/src/jasmine-pit.js:35:32)\n    at attemptAsync (/anotherPath/to/node_modules/jest-cli/node_modules/jest-jasmine2/vendor/jasmine-2.4.1.js:1919:24)\n    at QueueRunner.run (/anotherPath/to/node_modules/jest-cli/node_modules/jest-jasmine2/vendor/jasmine-2.4.1.js:1874:9)\n    at QueueRunner.execute (/anotherPath/to/node_modules/jest-cli/node_modules/jest-jasmine2/vendor/jasmine-2.4.1.js:1862:10)\n    at Spec.Env.queueRunnerFactory (/anotherPath/to/node_modules/jest-cli/node_modules/jest-jasmine2/vendor/jasmine-2.4.1.js:700:35)\n    at Spec.execute (/anotherPath/to/node_modules/jest-cli/node_modules/jest-jasmine2/vendor/jasmine-2.4.1.js:362:10)\n    at Object.fn (/anotherPath/to/node_modules/jest-cli/node_modules/jest-jasmine2/vendor/jasmine-2.4.1.js:2483:37)\n    at attemptAsync (/anotherPath/to/node_modules/jest-cli/node_modules/jest-jasmine2/vendor/jasmine-2.4.1.js:1919:24)\n    at QueueRunner.run (/anotherPath/to/node_modules/jest-cli/node_modules/jest-jasmine2/vendor/jasmine-2.4.1.js:1874:9)\n    at QueueRunner.execute (/anotherPath/to/node_modules/jest-cli/node_modules/jest-jasmine2/vendor/jasmine-2.4.1.js:1862:10)\n    at Env.queueRunnerFactory (/anotherPath/to/node_modules/jest-cli/node_modules/jest-jasmine2/vendor/jasmine-2.4.1.js:700:35)\n    at Object.fn (/anotherPath/to/node_modules/jest-cli/node_modules/jest-jasmine2/vendor/jasmine-2.4.1.js:2468:13)\n    at attemptAsync (/anotherPath/to/node_modules/jest-cli/node_modules/jest-jasmine2/vendor/jasmine-2.4.1.js:1919:24)\n    at QueueRunner.run (/anotherPath/to/node_modules/jest-cli/node_modules/jest-jasmine2/vendor/jasmine-2.4.1.js:1874:9)\n    at QueueRunner.execute (/anotherPath/to/node_modules/jest-cli/node_modules/jest-jasmine2/vendor/jasmine-2.4.1.js:1862:10)\n    at Env.queueRunnerFactory (/anotherPath/to/node_modules/jest-cli/node_modules/jest-jasmine2/vendor/jasmine-2.4.1.js:700:35)\n    at TreeProcessor.execute (/anotherPath/to/node_modules/jest-cli/node_modules/jest-jasmine2/vendor/jasmine-2.4.1.js:2330:7)\n    at Env.execute (/anotherPath/to/node_modules/jest-cli/node_modules/jest-jasmine2/vendor/jasmine-2.4.1.js:760:17)\n    at jasmine2 (/anotherPath/to/node_modules/jest-cli/node_modules/jest-jasmine2/src/index.js:253:7)\n    at Test.run (/anotherPath/to/node_modules/jest-cli/src/Test.js:44:12)\n    at process.on.module.exports.Test.run.then.result (/anotherPath/to/node_modules/jest-cli/src/TestWorker.js:50:8)\n    at handle (/anotherPath/to/node_modules/jest-cli/node_modules/worker-farm/lib/child/index.js:41:8)\n    at process.<anonymous> (/anotherPath/to/node_modules/jest-cli/node_modules/worker-farm/lib/child/index.js:47:3)\n    at emitTwo (events.js:87:13)\n    at process.emit (events.js:172:7)\n    at handleMessage (internal/child_process.js:686:10)\n    at Pipe.channel.onread (internal/child_process.js:440:11)"
          ],
          "numPassingAsserts": 0
        },
        {
          "title": "it should call \"fetchOpportunities\"",
          "status": "failed",
          "ancestorTitles": [
            "Saga middleware"
          ],
          "failureMessages": [
            "Expected 'ASYNC_FETCH_OPPORTUNITIES' to equal 'ASYNC_FETCH_OPPORTUNITIES!'.\n    at stack (/anotherPath/to/node_modules/jest-cli/node_modules/jest-jasmine2/vendor/jasmine-2.4.1.js:1580:17)\n    at Object.buildExpectationResult (/anotherPath/to/node_modules/jest-cli/node_modules/jest-jasmine2/vendor/jasmine-2.4.1.js:1550:14)\n    at jasmine.buildExpectationResult (/anotherPath/to/node_modules/jest-cli/node_modules/jest-jasmine2/src/index.js:80:44)\n    at Spec.Env.expectationResultFactory (/anotherPath/to/node_modules/jest-cli/node_modules/jest-jasmine2/vendor/jasmine-2.4.1.js:641:18)\n    at Spec.addExpectationResult (/anotherPath/to/node_modules/jest-cli/node_modules/jest-jasmine2/vendor/jasmine-2.4.1.js:333:34)\n    at Expectation.addExpectationResult (/anotherPath/to/node_modules/jest-cli/node_modules/jest-jasmine2/vendor/jasmine-2.4.1.js:591:21)\n    at Expectation.eval [as toEqual] (/anotherPath/to/node_modules/jest-cli/node_modules/jest-jasmine2/vendor/jasmine-2.4.1.js:1504:12)\n    at Object.eval (/path/to/somethingBeingTested/__tests__/saga-test.js:21:61)\n    at Object.<anonymous> (/anotherPath/to/node_modules/jest-cli/node_modules/jest-jasmine2/src/jasmine-pit.js:35:32)\n    at attemptAsync (/anotherPath/to/node_modules/jest-cli/node_modules/jest-jasmine2/vendor/jasmine-2.4.1.js:1919:24)\n    at QueueRunner.run (/anotherPath/to/node_modules/jest-cli/node_modules/jest-jasmine2/vendor/jasmine-2.4.1.js:1874:9)\n    at QueueRunner.execute (/anotherPath/to/node_modules/jest-cli/node_modules/jest-jasmine2/vendor/jasmine-2.4.1.js:1862:10)\n    at Spec.Env.queueRunnerFactory (/anotherPath/to/node_modules/jest-cli/node_modules/jest-jasmine2/vendor/jasmine-2.4.1.js:700:35)\n    at Spec.execute (/anotherPath/to/node_modules/jest-cli/node_modules/jest-jasmine2/vendor/jasmine-2.4.1.js:362:10)\n    at Object.fn (/anotherPath/to/node_modules/jest-cli/node_modules/jest-jasmine2/vendor/jasmine-2.4.1.js:2483:37)\n    at attemptAsync (/anotherPath/to/node_modules/jest-cli/node_modules/jest-jasmine2/vendor/jasmine-2.4.1.js:1919:24)\n    at QueueRunner.run (/anotherPath/to/node_modules/jest-cli/node_modules/jest-jasmine2/vendor/jasmine-2.4.1.js:1874:9)\n    at eval (/anotherPath/to/node_modules/jest-cli/node_modules/jest-jasmine2/vendor/jasmine-2.4.1.js:1901:16)\n    at eval (/anotherPath/to/node_modules/jest-cli/node_modules/jest-jasmine2/vendor/jasmine-2.4.1.js:1845:9)\n    at complete (/anotherPath/to/node_modules/jest-cli/node_modules/jest-jasmine2/vendor/jasmine-2.4.1.js:374:9)\n    at QueueRunner.clearStack (/anotherPath/to/node_modules/jest-cli/node_modules/jest-jasmine2/vendor/jasmine-2.4.1.js:663:9)\n    at QueueRunner.run (/anotherPath/to/node_modules/jest-cli/node_modules/jest-jasmine2/vendor/jasmine-2.4.1.js:1884:12)\n    at eval (/anotherPath/to/node_modules/jest-cli/node_modules/jest-jasmine2/vendor/jasmine-2.4.1.js:1901:16)\n    at eval (/anotherPath/to/node_modules/jest-cli/node_modules/jest-jasmine2/vendor/jasmine-2.4.1.js:1845:9)\n    at Object.<anonymous> (/anotherPath/to/node_modules/jest-cli/node_modules/jest-jasmine2/src/jasmine-pit.js:40:11)\n    at attemptAsync (/anotherPath/to/node_modules/jest-cli/node_modules/jest-jasmine2/vendor/jasmine-2.4.1.js:1919:24)\n    at QueueRunner.run (/anotherPath/to/node_modules/jest-cli/node_modules/jest-jasmine2/vendor/jasmine-2.4.1.js:1874:9)\n    at QueueRunner.execute (/anotherPath/to/node_modules/jest-cli/node_modules/jest-jasmine2/vendor/jasmine-2.4.1.js:1862:10)\n    at Spec.Env.queueRunnerFactory (/anotherPath/to/node_modules/jest-cli/node_modules/jest-jasmine2/vendor/jasmine-2.4.1.js:700:35)\n    at Spec.execute (/anotherPath/to/node_modules/jest-cli/node_modules/jest-jasmine2/vendor/jasmine-2.4.1.js:362:10)\n    at Object.fn (/anotherPath/to/node_modules/jest-cli/node_modules/jest-jasmine2/vendor/jasmine-2.4.1.js:2483:37)\n    at attemptAsync (/anotherPath/to/node_modules/jest-cli/node_modules/jest-jasmine2/vendor/jasmine-2.4.1.js:1919:24)\n    at QueueRunner.run (/anotherPath/to/node_modules/jest-cli/node_modules/jest-jasmine2/vendor/jasmine-2.4.1.js:1874:9)\n    at QueueRunner.execute (/anotherPath/to/node_modules/jest-cli/node_modules/jest-jasmine2/vendor/jasmine-2.4.1.js:1862:10)\n    at Env.queueRunnerFactory (/anotherPath/to/node_modules/jest-cli/node_modules/jest-jasmine2/vendor/jasmine-2.4.1.js:700:35)\n    at Object.fn (/anotherPath/to/node_modules/jest-cli/node_modules/jest-jasmine2/vendor/jasmine-2.4.1.js:2468:13)\n    at attemptAsync (/anotherPath/to/node_modules/jest-cli/node_modules/jest-jasmine2/vendor/jasmine-2.4.1.js:1919:24)\n    at QueueRunner.run (/anotherPath/to/node_modules/jest-cli/node_modules/jest-jasmine2/vendor/jasmine-2.4.1.js:1874:9)\n    at QueueRunner.execute (/anotherPath/to/node_modules/jest-cli/node_modules/jest-jasmine2/vendor/jasmine-2.4.1.js:1862:10)\n    at Env.queueRunnerFactory (/anotherPath/to/node_modules/jest-cli/node_modules/jest-jasmine2/vendor/jasmine-2.4.1.js:700:35)\n    at TreeProcessor.execute (/anotherPath/to/node_modules/jest-cli/node_modules/jest-jasmine2/vendor/jasmine-2.4.1.js:2330:7)\n    at Env.execute (/anotherPath/to/node_modules/jest-cli/node_modules/jest-jasmine2/vendor/jasmine-2.4.1.js:760:17)\n    at jasmine2 (/anotherPath/to/node_modules/jest-cli/node_modules/jest-jasmine2/src/index.js:253:7)\n    at Test.run (/anotherPath/to/node_modules/jest-cli/src/Test.js:44:12)\n    at process.on.module.exports.Test.run.then.result (/anotherPath/to/node_modules/jest-cli/src/TestWorker.js:50:8)\n    at handle (/anotherPath/to/node_modules/jest-cli/node_modules/worker-farm/lib/child/index.js:41:8)\n    at process.<anonymous> (/anotherPath/to/node_modules/jest-cli/node_modules/worker-farm/lib/child/index.js:47:3)\n    at emitTwo (events.js:87:13)\n    at process.emit (events.js:172:7)\n    at handleMessage (internal/child_process.js:686:10)\n    at Pipe.channel.onread (internal/child_process.js:440:11)"
          ],
          "numPassingAsserts": 0
        },
        {
          "title": "it should loadOpportunities",
          "status": "pending",
          "ancestorTitles": [
            "Saga middleware"
          ],
          "failureMessages": [],
          "numPassingAsserts": 0
        },
        {
          "title": "it should handle loadOpportunities error",
          "status": "passed",
          "ancestorTitles": [
            "Saga middleware"
          ],
          "failureMessages": [],
          "numPassingAsserts": 0
        }
      ],
      "perfStats": {
        "start": 1471521616485,
        "end": 1471521646077
      },
      "testFilePath": "/path/to/somethingBeingTested/__tests__/saga-test.js",
      "coverage": {
        "/path/to/somethingBeingTested/saga.js": {
          "path": "/path/to/somethingBeingTested/saga.js",
          "s": {
            "1": 1,
            "2": 1,
            "3": 1,
            "4": 1,
            "5": 1,
            "6": 1,
            "7": 1,
            "8": 1,
            "9": 1,
            "10": 1,
            "11": 1,
            "12": 1,
            "13": 1,
            "14": 1,
            "15": 1,
            "16": 1,
            "17": 1,
            "18": 0,
            "19": 1,
            "20": 0,
            "21": 1,
            "22": 1,
            "23": 1,
            "24": 1,
            "25": 2,
            "26": 2,
            "27": 1,
            "28": 1,
            "29": 1,
            "30": 1,
            "31": 1,
            "32": 1,
            "33": 0,
            "34": 0,
            "35": 0,
            "36": 0,
            "37": 0,
            "38": 0,
            "39": 0,
            "40": 1,
            "41": 1,
            "42": 1,
            "43": 1,
            "44": 1,
            "45": 0,
            "46": 1
          },
          "b": {
            "1": [
              1,
              0
            ],
            "2": [
              1,
              1
            ],
            "3": [
              0,
              1
            ],
            "4": [
              1,
              1,
              0,
              0,
              0,
              0
            ],
            "5": [
              1,
              0,
              0
            ]
          },
          "f": {
            "1": 1,
            "2": 1,
            "3": 0,
            "4": 1,
            "5": 1,
            "6": 2,
            "7": 1,
            "8": 1
          },
          "fnMap": {
            "1": {
              "name": "_interopRequireDefault",
              "line": 33,
              "loc": {
                "start": {
                  "line": 33,
                  "column": 367
                },
                "end": {
                  "line": 33,
                  "column": 404
                }
              }
            },
            "2": {
              "name": "loadOpportunities",
              "line": 34,
              "loc": {
                "start": {
                  "line": 34,
                  "column": 76
                },
                "end": {
                  "line": 34,
                  "column": 117
                }
              }
            },
            "3": {
              "name": "(anonymous_3)",
              "line": 34,
              "loc": {
                "start": {
                  "line": 34,
                  "column": 427
                },
                "end": {
                  "line": 34,
                  "column": 447
                }
              }
            },
            "4": {
              "name": "(anonymous_4)",
              "line": 34,
              "loc": {
                "start": {
                  "line": 34,
                  "column": 473
                },
                "end": {
                  "line": 34,
                  "column": 490
                }
              }
            },
            "5": {
              "name": "asyncFetchOpportunities",
              "line": 34,
              "loc": {
                "start": {
                  "line": 34,
                  "column": 510
                },
                "end": {
                  "line": 34,
                  "column": 575
                }
              }
            },
            "6": {
              "name": "asyncFetchOpportunities$",
              "line": 34,
              "loc": {
                "start": {
                  "line": 34,
                  "column": 625
                },
                "end": {
                  "line": 34,
                  "column": 669
                }
              }
            },
            "7": {
              "name": "fetchOpportunities",
              "line": 34,
              "loc": {
                "start": {
                  "line": 34,
                  "column": 1372
                },
                "end": {
                  "line": 34,
                  "column": 1426
                }
              }
            },
            "8": {
              "name": "fetchOpportunities$",
              "line": 34,
              "loc": {
                "start": {
                  "line": 34,
                  "column": 1458
                },
                "end": {
                  "line": 34,
                  "column": 1498
                }
              },
              "skip": true
            }
          },
          "statementMap": {
            "1": {
              "start": {
                "line": 1,
                "column": 37
              },
              "end": {
                "line": 1,
                "column": 99
              },
              "skip": true
            },
            "2": {
              "start": {
                "line": 1,
                "column": 99
              },
              "end": {
                "line": 1,
                "column": 137
              }
            },
            "3": {
              "start": {
                "line": 1,
                "column": 137
              },
              "end": {
                "line": 24,
                "column": 50
              }
            },
            "4": {
              "start": {
                "line": 24,
                "column": 75
              },
              "end": {
                "line": 33,
                "column": 40
              }
            },
            "5": {
              "start": {
                "line": 33,
                "column": 65
              },
              "end": {
                "line": 33,
                "column": 89
              }
            },
            "6": {
              "start": {
                "line": 33,
                "column": 89
              },
              "end": {
                "line": 33,
                "column": 152
              }
            },
            "7": {
              "start": {
                "line": 33,
                "column": 152
              },
              "end": {
                "line": 33,
                "column": 221
              }
            },
            "8": {
              "start": {
                "line": 33,
                "column": 221
              },
              "end": {
                "line": 33,
                "column": 287
              }
            },
            "9": {
              "start": {
                "line": 33,
                "column": 312
              },
              "end": {
                "line": 33,
                "column": 367
              }
            },
            "10": {
              "start": {
                "line": 33,
                "column": 367
              },
              "end": {
                "line": 33,
                "column": 460
              }
            },
            "11": {
              "start": {
                "line": 33,
                "column": 405
              },
              "end": {
                "line": 33,
                "column": 459
              }
            },
            "12": {
              "start": {
                "line": 33,
                "column": 460
              },
              "end": {
                "line": 33,
                "column": 549
              }
            },
            "13": {
              "start": {
                "line": 34,
                "column": 0
              },
              "end": {
                "line": 34,
                "column": 510
              }
            },
            "14": {
              "start": {
                "line": 34,
                "column": 118
              },
              "end": {
                "line": 34,
                "column": 182
              }
            },
            "15": {
              "start": {
                "line": 34,
                "column": 182
              },
              "end": {
                "line": 34,
                "column": 227
              }
            },
            "16": {
              "start": {
                "line": 34,
                "column": 227
              },
              "end": {
                "line": 34,
                "column": 267
              }
            },
            "17": {
              "start": {
                "line": 34,
                "column": 267
              },
              "end": {
                "line": 34,
                "column": 350
              }
            },
            "18": {
              "start": {
                "line": 34,
                "column": 286
              },
              "end": {
                "line": 34,
                "column": 349
              }
            },
            "19": {
              "start": {
                "line": 34,
                "column": 350
              },
              "end": {
                "line": 34,
                "column": 508
              }
            },
            "20": {
              "start": {
                "line": 34,
                "column": 448
              },
              "end": {
                "line": 34,
                "column": 464
              }
            },
            "21": {
              "start": {
                "line": 34,
                "column": 491
              },
              "end": {
                "line": 34,
                "column": 504
              }
            },
            "22": {
              "start": {
                "line": 34,
                "column": 510
              },
              "end": {
                "line": 34,
                "column": 1372
              }
            },
            "23": {
              "start": {
                "line": 34,
                "column": 576
              },
              "end": {
                "line": 34,
                "column": 594
              },
              "skip": true
            },
            "24": {
              "start": {
                "line": 34,
                "column": 594
              },
              "end": {
                "line": 34,
                "column": 1371
              }
            },
            "25": {
              "start": {
                "line": 34,
                "column": 670
              },
              "end": {
                "line": 34,
                "column": 1340
              }
            },
            "26": {
              "start": {
                "line": 34,
                "column": 681
              },
              "end": {
                "line": 34,
                "column": 1339
              }
            },
            "27": {
              "start": {
                "line": 34,
                "column": 728
              },
              "end": {
                "line": 34,
                "column": 746
              }
            },
            "28": {
              "start": {
                "line": 34,
                "column": 746
              },
              "end": {
                "line": 34,
                "column": 764
              }
            },
            "29": {
              "start": {
                "line": 34,
                "column": 764
              },
              "end": {
                "line": 34,
                "column": 856
              }
            },
            "30": {
              "start": {
                "line": 34,
                "column": 863
              },
              "end": {
                "line": 34,
                "column": 893
              }
            },
            "31": {
              "start": {
                "line": 34,
                "column": 893
              },
              "end": {
                "line": 34,
                "column": 911
              }
            },
            "32": {
              "start": {
                "line": 34,
                "column": 911
              },
              "end": {
                "line": 34,
                "column": 1035
              }
            },
            "33": {
              "start": {
                "line": 34,
                "column": 1042
              },
              "end": {
                "line": 34,
                "column": 1061
              }
            },
            "34": {
              "start": {
                "line": 34,
                "column": 1061
              },
              "end": {
                "line": 34,
                "column": 1067
              }
            },
            "35": {
              "start": {
                "line": 34,
                "column": 1074
              },
              "end": {
                "line": 34,
                "column": 1092
              }
            },
            "36": {
              "start": {
                "line": 34,
                "column": 1092
              },
              "end": {
                "line": 34,
                "column": 1127
              }
            },
            "37": {
              "start": {
                "line": 34,
                "column": 1127
              },
              "end": {
                "line": 34,
                "column": 1146
              }
            },
            "38": {
              "start": {
                "line": 34,
                "column": 1146
              },
              "end": {
                "line": 34,
                "column": 1296
              }
            },
            "39": {
              "start": {
                "line": 34,
                "column": 1315
              },
              "end": {
                "line": 34,
                "column": 1338
              }
            },
            "40": {
              "start": {
                "line": 34,
                "column": 1372
              },
              "end": {
                "line": 34,
                "column": 1772
              }
            },
            "41": {
              "start": {
                "line": 34,
                "column": 1427
              },
              "end": {
                "line": 34,
                "column": 1771
              },
              "skip": true
            },
            "42": {
              "start": {
                "line": 34,
                "column": 1499
              },
              "end": {
                "line": 34,
                "column": 1750
              },
              "skip": true
            },
            "43": {
              "start": {
                "line": 34,
                "column": 1510
              },
              "end": {
                "line": 34,
                "column": 1749
              },
              "skip": true
            },
            "44": {
              "start": {
                "line": 34,
                "column": 1559
              },
              "end": {
                "line": 34,
                "column": 1706
              },
              "skip": true
            },
            "45": {
              "start": {
                "line": 34,
                "column": 1724
              },
              "end": {
                "line": 34,
                "column": 1748
              },
              "skip": true
            },
            "46": {
              "start": {
                "line": 34,
                "column": 1797
              },
              "end": {
                "line": 37,
                "column": 19
              }
            }
          },
          "branchMap": {
            "1": {
              "line": 33,
              "type": "cond-expr",
              "locations": [
                {
                  "start": {
                    "line": 33,
                    "column": 436
                  },
                  "end": {
                    "line": 33,
                    "column": 439
                  }
                },
                {
                  "start": {
                    "line": 33,
                    "column": 442
                  },
                  "end": {
                    "line": 33,
                    "column": 458
                  }
                }
              ]
            },
            "2": {
              "line": 33,
              "type": "binary-expr",
              "locations": [
                {
                  "start": {
                    "line": 33,
                    "column": 412
                  },
                  "end": {
                    "line": 33,
                    "column": 415
                  }
                },
                {
                  "start": {
                    "line": 33,
                    "column": 419
                  },
                  "end": {
                    "line": 33,
                    "column": 433
                  }
                }
              ]
            },
            "3": {
              "line": 34,
              "type": "if",
              "locations": [
                {
                  "start": {
                    "line": 34,
                    "column": 267
                  },
                  "end": {
                    "line": 34,
                    "column": 267
                  }
                },
                {
                  "start": {
                    "line": 34,
                    "column": 267
                  },
                  "end": {
                    "line": 34,
                    "column": 267
                  }
                }
              ]
            },
            "4": {
              "line": 34,
              "type": "switch",
              "locations": [
                {
                  "start": {
                    "line": 34,
                    "column": 721
                  },
                  "end": {
                    "line": 34,
                    "column": 856
                  }
                },
                {
                  "start": {
                    "line": 34,
                    "column": 856
                  },
                  "end": {
                    "line": 34,
                    "column": 1035
                  }
                },
                {
                  "start": {
                    "line": 34,
                    "column": 1035
                  },
                  "end": {
                    "line": 34,
                    "column": 1067
                  }
                },
                {
                  "start": {
                    "line": 34,
                    "column": 1067
                  },
                  "end": {
                    "line": 34,
                    "column": 1296
                  }
                },
                {
                  "start": {
                    "line": 34,
                    "column": 1296
                  },
                  "end": {
                    "line": 34,
                    "column": 1304
                  }
                },
                {
                  "start": {
                    "line": 34,
                    "column": 1304
                  },
                  "end": {
                    "line": 34,
                    "column": 1338
                  }
                }
              ]
            },
            "5": {
              "line": 34,
              "type": "switch",
              "locations": [
                {
                  "start": {
                    "line": 34,
                    "column": 1552
                  },
                  "end": {
                    "line": 34,
                    "column": 1706
                  },
                  "skip": true
                },
                {
                  "start": {
                    "line": 34,
                    "column": 1706
                  },
                  "end": {
                    "line": 34,
                    "column": 1713
                  },
                  "skip": true
                },
                {
                  "start": {
                    "line": 34,
                    "column": 1713
                  },
                  "end": {
                    "line": 34,
                    "column": 1748
                  },
                  "skip": true
                }
              ]
            }
          }
        },
        "/path/to/somethingBeingTested/__mocks__/apiRequest.js": {
          "path": "/path/to/somethingBeingTested/__mocks__/apiRequest.js",
          "s": {
            "1": 1,
            "2": 1,
            "3": 1,
            "4": 1,
            "5": 1,
            "6": 1,
            "7": 1
          },
          "b": {
            "1": [
              0,
              1
            ]
          },
          "f": {
            "1": 1,
            "2": 1,
            "3": 1
          },
          "fnMap": {
            "1": {
              "name": "apiRequest",
              "line": 9,
              "loc": {
                "start": {
                  "line": 9,
                  "column": 62
                },
                "end": {
                  "line": 9,
                  "column": 96
                }
              }
            },
            "2": {
              "name": "(anonymous_2)",
              "line": 10,
              "loc": {
                "start": {
                  "line": 10,
                  "column": 21
                },
                "end": {
                  "line": 10,
                  "column": 48
                }
              }
            },
            "3": {
              "name": "(anonymous_3)",
              "line": 11,
              "loc": {
                "start": {
                  "line": 11,
                  "column": 21
                },
                "end": {
                  "line": 11,
                  "column": 57
                }
              }
            }
          },
          "statementMap": {
            "1": {
              "start": {
                "line": 1,
                "column": 37
              },
              "end": {
                "line": 1,
                "column": 99
              },
              "skip": true
            },
            "2": {
              "start": {
                "line": 1,
                "column": 99
              },
              "end": {
                "line": 6,
                "column": 40
              }
            },
            "3": {
              "start": {
                "line": 9,
                "column": 0
              },
              "end": {
                "line": 15,
                "column": 2
              }
            },
            "4": {
              "start": {
                "line": 10,
                "column": 2
              },
              "end": {
                "line": 14,
                "column": 5
              }
            },
            "5": {
              "start": {
                "line": 11,
                "column": 4
              },
              "end": {
                "line": 12,
                "column": 76
              }
            },
            "6": {
              "start": {
                "line": 11,
                "column": 58
              },
              "end": {
                "line": 12,
                "column": 73
              },
              "skip": true
            },
            "7": {
              "start": {
                "line": 15,
                "column": 27
              },
              "end": {
                "line": 17,
                "column": 11
              },
              "skip": true
            }
          },
          "branchMap": {
            "1": {
              "line": 11,
              "type": "cond-expr",
              "locations": [
                {
                  "start": {
                    "line": 11,
                    "column": 104
                  },
                  "end": {
                    "line": 11,
                    "column": 132
                  },
                  "skip": true
                },
                {
                  "start": {
                    "line": 11,
                    "column": 135
                  },
                  "end": {
                    "line": 12,
                    "column": 72
                  },
                  "skip": true
                }
              ]
            }
          }
        }
      }
    },
    {
      "numFailingTests": 0,
      "numPassingTests": 3,
      "numPendingTests": 0,
      "testResults": [
        {
          "title": "it should render the correct values for the fields",
          "status": "passed",
          "ancestorTitles": [
            "Opportunity component"
          ],
          "failureMessages": [],
          "numPassingAsserts": 0
        },
        {
          "title": "it should render all the week maps as \"none\" if there are no timelines",
          "status": "passed",
          "ancestorTitles": [
            "Opportunity component"
          ],
          "failureMessages": [],
          "numPassingAsserts": 0
        },
        {
          "title": "it should render week maps with proper dates if there are production timelines",
          "status": "passed",
          "ancestorTitles": [
            "Opportunity component"
          ],
          "failureMessages": [],
          "numPassingAsserts": 0
        }
      ],
      "perfStats": {
        "start": 1471521616520,
        "end": 1471521649438
      },
      "testFilePath": "/path/to/somethingBeingTested/__tests__/opportunity-test.js",
      "coverage": {
        "/path/to/somethingBeingTested/components/opportunity.js": {
          "path": "/path/to/somethingBeingTested/components/opportunity.js",
          "s": {
            "1": 1,
            "2": 1,
            "3": 1,
            "4": 1,
            "5": 1,
            "6": 1,
            "7": 1,
            "8": 1,
            "9": 1,
            "10": 1,
            "11": 1,
            "12": 1,
            "13": 1,
            "14": 1,
            "15": 0,
            "16": 1,
            "17": 1,
            "18": 1,
            "19": 1,
            "20": 1,
            "21": 1,
            "22": 1,
            "23": 1,
            "24": 1,
            "25": 1,
            "26": 1,
            "27": 1,
            "28": 5,
            "29": 1,
            "30": 3,
            "31": 0,
            "32": 1,
            "33": 3,
            "34": 0,
            "35": 3,
            "36": 1,
            "37": 1,
            "38": 0,
            "39": 1,
            "40": 1,
            "41": 1,
            "42": 1,
            "43": 1,
            "44": 1,
            "45": 3,
            "46": 3,
            "47": 1,
            "48": 3,
            "49": 3,
            "50": 2,
            "51": 104,
            "52": 1,
            "53": 52,
            "54": 52,
            "55": 9,
            "56": 43,
            "57": 9,
            "58": 34,
            "59": 9,
            "60": 25,
            "61": 3,
            "62": 1,
            "63": 1,
            "64": 1
          },
          "b": {
            "1": [
              1,
              1
            ],
            "2": [
              1,
              0
            ],
            "3": [
              1,
              0
            ],
            "4": [
              0,
              1
            ],
            "5": [
              2,
              3
            ],
            "6": [
              5,
              5
            ],
            "7": [
              0,
              3
            ],
            "8": [
              0,
              3
            ],
            "9": [
              0,
              3
            ],
            "10": [
              3,
              0,
              0
            ],
            "11": [
              0,
              1
            ],
            "12": [
              1,
              0
            ],
            "13": [
              1,
              1
            ],
            "14": [
              1,
              0
            ],
            "15": [
              1,
              0
            ],
            "16": [
              2,
              1
            ],
            "17": [
              3,
              1
            ],
            "18": [
              9,
              43
            ],
            "19": [
              52,
              52
            ],
            "20": [
              9,
              34
            ],
            "21": [
              43,
              43
            ],
            "22": [
              9,
              25
            ],
            "23": [
              34,
              34
            ],
            "24": [
              3,
              0
            ],
            "25": [
              3,
              0
            ],
            "26": [
              3,
              0
            ],
            "27": [
              3,
              0
            ],
            "28": [
              3,
              0
            ],
            "29": [
              3,
              0
            ]
          },
          "f": {
            "1": 1,
            "2": 1,
            "3": 1,
            "4": 5,
            "5": 3,
            "6": 3,
            "7": 1,
            "8": 1,
            "9": 3,
            "10": 3
          },
          "fnMap": {
            "1": {
              "name": "(anonymous_1)",
              "line": 1,
              "loc": {
                "start": {
                  "line": 1,
                  "column": 118
                },
                "end": {
                  "line": 1,
                  "column": 130
                }
              }
            },
            "2": {
              "name": "defineProperties",
              "line": 1,
              "loc": {
                "start": {
                  "line": 1,
                  "column": 131
                },
                "end": {
                  "line": 1,
                  "column": 172
                }
              }
            },
            "3": {
              "name": "(anonymous_3)",
              "line": 1,
              "loc": {
                "start": {
                  "line": 1,
                  "column": 446
                },
                "end": {
                  "line": 1,
                  "column": 494
                }
              }
            },
            "4": {
              "name": "_interopRequireDefault",
              "line": 5,
              "loc": {
                "start": {
                  "line": 5,
                  "column": 150
                },
                "end": {
                  "line": 5,
                  "column": 187
                }
              }
            },
            "5": {
              "name": "_classCallCheck",
              "line": 5,
              "loc": {
                "start": {
                  "line": 5,
                  "column": 243
                },
                "end": {
                  "line": 5,
                  "column": 291
                }
              }
            },
            "6": {
              "name": "_possibleConstructorReturn",
              "line": 5,
              "loc": {
                "start": {
                  "line": 5,
                  "column": 392
                },
                "end": {
                  "line": 5,
                  "column": 440
                }
              }
            },
            "7": {
              "name": "_inherits",
              "line": 5,
              "loc": {
                "start": {
                  "line": 5,
                  "column": 627
                },
                "end": {
                  "line": 5,
                  "column": 668
                }
              }
            },
            "8": {
              "name": "(anonymous_8)",
              "line": 8,
              "loc": {
                "start": {
                  "line": 8,
                  "column": 26
                },
                "end": {
                  "line": 8,
                  "column": 48
                }
              }
            },
            "9": {
              "name": "somethingBeingTestedOpportunity",
              "line": 8,
              "loc": {
                "start": {
                  "line": 8,
                  "column": 92
                },
                "end": {
                  "line": 8,
                  "column": 123
                }
              }
            },
            "10": {
              "name": "render",
              "line": 8,
              "loc": {
                "start": {
                  "line": 8,
                  "column": 334
                },
                "end": {
                  "line": 8,
                  "column": 352
                }
              }
            }
          },
          "statementMap": {
            "1": {
              "start": {
                "line": 1,
                "column": 37
              },
              "end": {
                "line": 1,
                "column": 99
              },
              "skip": true
            },
            "2": {
              "start": {
                "line": 1,
                "column": 99
              },
              "end": {
                "line": 1,
                "column": 648
              }
            },
            "3": {
              "start": {
                "line": 1,
                "column": 131
              },
              "end": {
                "line": 1,
                "column": 439
              }
            },
            "4": {
              "start": {
                "line": 1,
                "column": 173
              },
              "end": {
                "line": 1,
                "column": 438
              }
            },
            "5": {
              "start": {
                "line": 1,
                "column": 213
              },
              "end": {
                "line": 1,
                "column": 239
              }
            },
            "6": {
              "start": {
                "line": 1,
                "column": 239
              },
              "end": {
                "line": 1,
                "column": 294
              }
            },
            "7": {
              "start": {
                "line": 1,
                "column": 294
              },
              "end": {
                "line": 1,
                "column": 325
              }
            },
            "8": {
              "start": {
                "line": 1,
                "column": 325
              },
              "end": {
                "line": 1,
                "column": 379
              }
            },
            "9": {
              "start": {
                "line": 1,
                "column": 352
              },
              "end": {
                "line": 1,
                "column": 379
              }
            },
            "10": {
              "start": {
                "line": 1,
                "column": 379
              },
              "end": {
                "line": 1,
                "column": 437
              }
            },
            "11": {
              "start": {
                "line": 1,
                "column": 439
              },
              "end": {
                "line": 1,
                "column": 644
              }
            },
            "12": {
              "start": {
                "line": 1,
                "column": 495
              },
              "end": {
                "line": 1,
                "column": 563
              }
            },
            "13": {
              "start": {
                "line": 1,
                "column": 511
              },
              "end": {
                "line": 1,
                "column": 563
              }
            },
            "14": {
              "start": {
                "line": 1,
                "column": 563
              },
              "end": {
                "line": 1,
                "column": 623
              }
            },
            "15": {
              "start": {
                "line": 1,
                "column": 580
              },
              "end": {
                "line": 1,
                "column": 623
              }
            },
            "16": {
              "start": {
                "line": 1,
                "column": 623
              },
              "end": {
                "line": 1,
                "column": 642
              }
            },
            "17": {
              "start": {
                "line": 1,
                "column": 648
              },
              "end": {
                "line": 1,
                "column": 702
              }
            },
            "18": {
              "start": {
                "line": 1,
                "column": 727
              },
              "end": {
                "line": 1,
                "column": 772
              }
            },
            "19": {
              "start": {
                "line": 2,
                "column": 0
              },
              "end": {
                "line": 2,
                "column": 56
              }
            },
            "20": {
              "start": {
                "line": 2,
                "column": 81
              },
              "end": {
                "line": 2,
                "column": 128
              }
            },
            "21": {
              "start": {
                "line": 3,
                "column": 0
              },
              "end": {
                "line": 3,
                "column": 58
              }
            },
            "22": {
              "start": {
                "line": 3,
                "column": 83
              },
              "end": {
                "line": 3,
                "column": 132
              }
            },
            "23": {
              "start": {
                "line": 4,
                "column": 0
              },
              "end": {
                "line": 4,
                "column": 60
              }
            },
            "24": {
              "start": {
                "line": 4,
                "column": 85
              },
              "end": {
                "line": 4,
                "column": 134
              }
            },
            "25": {
              "start": {
                "line": 5,
                "column": 0
              },
              "end": {
                "line": 5,
                "column": 68
              }
            },
            "26": {
              "start": {
                "line": 5,
                "column": 93
              },
              "end": {
                "line": 5,
                "column": 150
              }
            },
            "27": {
              "start": {
                "line": 5,
                "column": 150
              },
              "end": {
                "line": 5,
                "column": 243
              }
            },
            "28": {
              "start": {
                "line": 5,
                "column": 188
              },
              "end": {
                "line": 5,
                "column": 242
              }
            },
            "29": {
              "start": {
                "line": 5,
                "column": 243
              },
              "end": {
                "line": 5,
                "column": 392
              }
            },
            "30": {
              "start": {
                "line": 5,
                "column": 292
              },
              "end": {
                "line": 5,
                "column": 391
              }
            },
            "31": {
              "start": {
                "line": 5,
                "column": 333
              },
              "end": {
                "line": 5,
                "column": 390
              }
            },
            "32": {
              "start": {
                "line": 5,
                "column": 392
              },
              "end": {
                "line": 5,
                "column": 627
              }
            },
            "33": {
              "start": {
                "line": 5,
                "column": 441
              },
              "end": {
                "line": 5,
                "column": 540
              }
            },
            "34": {
              "start": {
                "line": 5,
                "column": 453
              },
              "end": {
                "line": 5,
                "column": 539
              }
            },
            "35": {
              "start": {
                "line": 5,
                "column": 540
              },
              "end": {
                "line": 5,
                "column": 626
              }
            },
            "36": {
              "start": {
                "line": 5,
                "column": 627
              },
              "end": {
                "line": 5,
                "column": 1115
              }
            },
            "37": {
              "start": {
                "line": 5,
                "column": 669
              },
              "end": {
                "line": 5,
                "column": 832
              }
            },
            "38": {
              "start": {
                "line": 5,
                "column": 731
              },
              "end": {
                "line": 5,
                "column": 831
              }
            },
            "39": {
              "start": {
                "line": 5,
                "column": 832
              },
              "end": {
                "line": 5,
                "column": 996
              }
            },
            "40": {
              "start": {
                "line": 5,
                "column": 996
              },
              "end": {
                "line": 5,
                "column": 1114
              }
            },
            "41": {
              "start": {
                "line": 5,
                "column": 1012
              },
              "end": {
                "line": 5,
                "column": 1114
              }
            },
            "42": {
              "start": {
                "line": 8,
                "column": 0
              },
              "end": {
                "line": 44,
                "column": 57
              }
            },
            "43": {
              "start": {
                "line": 8,
                "column": 49
              },
              "end": {
                "line": 8,
                "column": 92
              }
            },
            "44": {
              "start": {
                "line": 8,
                "column": 92
              },
              "end": {
                "line": 8,
                "column": 275
              }
            },
            "45": {
              "start": {
                "line": 8,
                "column": 124
              },
              "end": {
                "line": 8,
                "column": 167
              }
            },
            "46": {
              "start": {
                "line": 8,
                "column": 167
              },
              "end": {
                "line": 8,
                "column": 274
              }
            },
            "47": {
              "start": {
                "line": 8,
                "column": 275
              },
              "end": {
                "line": 44,
                "column": 10
              }
            },
            "48": {
              "start": {
                "line": 9,
                "column": 6
              },
              "end": {
                "line": 9,
                "column": 30
              }
            },
            "49": {
              "start": {
                "line": 10,
                "column": 6
              },
              "end": {
                "line": 27,
                "column": 7
              }
            },
            "50": {
              "start": {
                "line": 11,
                "column": 8
              },
              "end": {
                "line": 13,
                "column": 9
              }
            },
            "51": {
              "start": {
                "line": 12,
                "column": 10
              },
              "end": {
                "line": 12,
                "column": 38
              }
            },
            "52": {
              "start": {
                "line": 15,
                "column": 8
              },
              "end": {
                "line": 26,
                "column": 9
              }
            },
            "53": {
              "start": {
                "line": 16,
                "column": 10
              },
              "end": {
                "line": 16,
                "column": 89
              }
            },
            "54": {
              "start": {
                "line": 17,
                "column": 10
              },
              "end": {
                "line": 25,
                "column": 11
              }
            },
            "55": {
              "start": {
                "line": 18,
                "column": 12
              },
              "end": {
                "line": 18,
                "column": 45
              }
            },
            "56": {
              "start": {
                "line": 19,
                "column": 17
              },
              "end": {
                "line": 25,
                "column": 11
              }
            },
            "57": {
              "start": {
                "line": 20,
                "column": 12
              },
              "end": {
                "line": 20,
                "column": 46
              }
            },
            "58": {
              "start": {
                "line": 21,
                "column": 17
              },
              "end": {
                "line": 25,
                "column": 11
              }
            },
            "59": {
              "start": {
                "line": 22,
                "column": 12
              },
              "end": {
                "line": 22,
                "column": 44
              }
            },
            "60": {
              "start": {
                "line": 24,
                "column": 12
              },
              "end": {
                "line": 24,
                "column": 40
              }
            },
            "61": {
              "start": {
                "line": 29,
                "column": 6
              },
              "end": {
                "line": 41,
                "column": 254
              }
            },
            "62": {
              "start": {
                "line": 44,
                "column": 10
              },
              "end": {
                "line": 44,
                "column": 37
              }
            },
            "63": {
              "start": {
                "line": 47,
                "column": 0
              },
              "end": {
                "line": 59,
                "column": 64
              }
            },
            "64": {
              "start": {
                "line": 59,
                "column": 89
              },
              "end": {
                "line": 62,
                "column": 20
              }
            }
          },
          "branchMap": {
            "1": {
              "line": 1,
              "type": "binary-expr",
              "locations": [
                {
                  "start": {
                    "line": 1,
                    "column": 263
                  },
                  "end": {
                    "line": 1,
                    "column": 284
                  }
                },
                {
                  "start": {
                    "line": 1,
                    "column": 288
                  },
                  "end": {
                    "line": 1,
                    "column": 293
                  }
                }
              ]
            },
            "2": {
              "line": 1,
              "type": "if",
              "locations": [
                {
                  "start": {
                    "line": 1,
                    "column": 325
                  },
                  "end": {
                    "line": 1,
                    "column": 325
                  }
                },
                {
                  "start": {
                    "line": 1,
                    "column": 325
                  },
                  "end": {
                    "line": 1,
                    "column": 325
                  }
                }
              ]
            },
            "3": {
              "line": 1,
              "type": "if",
              "locations": [
                {
                  "start": {
                    "line": 1,
                    "column": 495
                  },
                  "end": {
                    "line": 1,
                    "column": 495
                  }
                },
                {
                  "start": {
                    "line": 1,
                    "column": 495
                  },
                  "end": {
                    "line": 1,
                    "column": 495
                  }
                }
              ]
            },
            "4": {
              "line": 1,
              "type": "if",
              "locations": [
                {
                  "start": {
                    "line": 1,
                    "column": 563
                  },
                  "end": {
                    "line": 1,
                    "column": 563
                  }
                },
                {
                  "start": {
                    "line": 1,
                    "column": 563
                  },
                  "end": {
                    "line": 1,
                    "column": 563
                  }
                }
              ]
            },
            "5": {
              "line": 5,
              "type": "cond-expr",
              "locations": [
                {
                  "start": {
                    "line": 5,
                    "column": 219
                  },
                  "end": {
                    "line": 5,
                    "column": 222
                  }
                },
                {
                  "start": {
                    "line": 5,
                    "column": 225
                  },
                  "end": {
                    "line": 5,
                    "column": 241
                  }
                }
              ]
            },
            "6": {
              "line": 5,
              "type": "binary-expr",
              "locations": [
                {
                  "start": {
                    "line": 5,
                    "column": 195
                  },
                  "end": {
                    "line": 5,
                    "column": 198
                  }
                },
                {
                  "start": {
                    "line": 5,
                    "column": 202
                  },
                  "end": {
                    "line": 5,
                    "column": 216
                  }
                }
              ]
            },
            "7": {
              "line": 5,
              "type": "if",
              "locations": [
                {
                  "start": {
                    "line": 5,
                    "column": 292
                  },
                  "end": {
                    "line": 5,
                    "column": 292
                  }
                },
                {
                  "start": {
                    "line": 5,
                    "column": 292
                  },
                  "end": {
                    "line": 5,
                    "column": 292
                  }
                }
              ]
            },
            "8": {
              "line": 5,
              "type": "if",
              "locations": [
                {
                  "start": {
                    "line": 5,
                    "column": 441
                  },
                  "end": {
                    "line": 5,
                    "column": 441
                  }
                },
                {
                  "start": {
                    "line": 5,
                    "column": 441
                  },
                  "end": {
                    "line": 5,
                    "column": 441
                  }
                }
              ]
            },
            "9": {
              "line": 5,
              "type": "cond-expr",
              "locations": [
                {
                  "start": {
                    "line": 5,
                    "column": 614
                  },
                  "end": {
                    "line": 5,
                    "column": 618
                  }
                },
                {
                  "start": {
                    "line": 5,
                    "column": 621
                  },
                  "end": {
                    "line": 5,
                    "column": 625
                  }
                }
              ]
            },
            "10": {
              "line": 5,
              "type": "binary-expr",
              "locations": [
                {
                  "start": {
                    "line": 5,
                    "column": 547
                  },
                  "end": {
                    "line": 5,
                    "column": 551
                  }
                },
                {
                  "start": {
                    "line": 5,
                    "column": 556
                  },
                  "end": {
                    "line": 5,
                    "column": 580
                  }
                },
                {
                  "start": {
                    "line": 5,
                    "column": 584
                  },
                  "end": {
                    "line": 5,
                    "column": 610
                  }
                }
              ]
            },
            "11": {
              "line": 5,
              "type": "if",
              "locations": [
                {
                  "start": {
                    "line": 5,
                    "column": 669
                  },
                  "end": {
                    "line": 5,
                    "column": 669
                  }
                },
                {
                  "start": {
                    "line": 5,
                    "column": 669
                  },
                  "end": {
                    "line": 5,
                    "column": 669
                  }
                }
              ]
            },
            "12": {
              "line": 5,
              "type": "binary-expr",
              "locations": [
                {
                  "start": {
                    "line": 5,
                    "column": 673
                  },
                  "end": {
                    "line": 5,
                    "column": 705
                  }
                },
                {
                  "start": {
                    "line": 5,
                    "column": 709
                  },
                  "end": {
                    "line": 5,
                    "column": 728
                  }
                }
              ]
            },
            "13": {
              "line": 5,
              "type": "binary-expr",
              "locations": [
                {
                  "start": {
                    "line": 5,
                    "column": 867
                  },
                  "end": {
                    "line": 5,
                    "column": 877
                  }
                },
                {
                  "start": {
                    "line": 5,
                    "column": 881
                  },
                  "end": {
                    "line": 5,
                    "column": 901
                  }
                }
              ]
            },
            "14": {
              "line": 5,
              "type": "if",
              "locations": [
                {
                  "start": {
                    "line": 5,
                    "column": 996
                  },
                  "end": {
                    "line": 5,
                    "column": 996
                  }
                },
                {
                  "start": {
                    "line": 5,
                    "column": 996
                  },
                  "end": {
                    "line": 5,
                    "column": 996
                  }
                }
              ]
            },
            "15": {
              "line": 5,
              "type": "cond-expr",
              "locations": [
                {
                  "start": {
                    "line": 5,
                    "column": 1036
                  },
                  "end": {
                    "line": 5,
                    "column": 1079
                  }
                },
                {
                  "start": {
                    "line": 5,
                    "column": 1082
                  },
                  "end": {
                    "line": 5,
                    "column": 1113
                  }
                }
              ]
            },
            "16": {
              "line": 10,
              "type": "if",
              "locations": [
                {
                  "start": {
                    "line": 10,
                    "column": 6
                  },
                  "end": {
                    "line": 10,
                    "column": 6
                  }
                },
                {
                  "start": {
                    "line": 10,
                    "column": 6
                  },
                  "end": {
                    "line": 10,
                    "column": 6
                  }
                }
              ]
            },
            "17": {
              "line": 10,
              "type": "binary-expr",
              "locations": [
                {
                  "start": {
                    "line": 10,
                    "column": 10
                  },
                  "end": {
                    "line": 10,
                    "column": 40
                  }
                },
                {
                  "start": {
                    "line": 10,
                    "column": 44
                  },
                  "end": {
                    "line": 10,
                    "column": 81
                  }
                }
              ]
            },
            "18": {
              "line": 17,
              "type": "if",
              "locations": [
                {
                  "start": {
                    "line": 17,
                    "column": 10
                  },
                  "end": {
                    "line": 17,
                    "column": 10
                  }
                },
                {
                  "start": {
                    "line": 17,
                    "column": 10
                  },
                  "end": {
                    "line": 17,
                    "column": 10
                  }
                }
              ]
            },
            "19": {
              "line": 17,
              "type": "binary-expr",
              "locations": [
                {
                  "start": {
                    "line": 17,
                    "column": 39
                  },
                  "end": {
                    "line": 17,
                    "column": 153
                  }
                },
                {
                  "start": {
                    "line": 17,
                    "column": 181
                  },
                  "end": {
                    "line": 17,
                    "column": 293
                  }
                }
              ]
            },
            "20": {
              "line": 19,
              "type": "if",
              "locations": [
                {
                  "start": {
                    "line": 19,
                    "column": 17
                  },
                  "end": {
                    "line": 19,
                    "column": 17
                  }
                },
                {
                  "start": {
                    "line": 19,
                    "column": 17
                  },
                  "end": {
                    "line": 19,
                    "column": 17
                  }
                }
              ]
            },
            "21": {
              "line": 19,
              "type": "binary-expr",
              "locations": [
                {
                  "start": {
                    "line": 19,
                    "column": 46
                  },
                  "end": {
                    "line": 19,
                    "column": 158
                  }
                },
                {
                  "start": {
                    "line": 19,
                    "column": 186
                  },
                  "end": {
                    "line": 19,
[...]
                  "start": {
                    "line": 1,
                    "column": 325
                  },
                  "end": {
                    "line": 1,
                    "column": 325
                  }
                }
              ]
            },
            "3": {
              "line": 1,
              "type": "if",
              "locations": [
                {
                  "start": {
                    "line": 1,
                    "column": 495
                  },
                  "end": {
                    "line": 1,
                    "column": 495
                  }
                },
                {
                  "start": {
                    "line": 1,
                    "column": 495
                  },
                  "end": {
                    "line": 1,
                    "column": 495
                  }
                }
              ]
            },
            "4": {
              "line": 1,
              "type": "if",
              "locations": [
                {
                  "start": {
                    "line": 1,
                    "column": 563
                  },
                  "end": {
                    "line": 1,
                    "column": 563
                  }
                },
                {
                  "start": {
                    "line": 1,
                    "column": 563
                  },
                  "end": {
                    "line": 1,
                    "column": 563
                  }
                }
              ]
            },
            "5": {
              "line": 3,
              "type": "cond-expr",
              "locations": [
                {
                  "start": {
                    "line": 3,
                    "column": 197
                  },
                  "end": {
                    "line": 3,
                    "column": 200
                  }
                },
                {
                  "start": {
                    "line": 3,
                    "column": 203
                  },
                  "end": {
                    "line": 3,
                    "column": 219
                  }
                }
              ]
            },
            "6": {
              "line": 3,
              "type": "binary-expr",
              "locations": [
                {
                  "start": {
                    "line": 3,
                    "column": 173
                  },
                  "end": {
                    "line": 3,
                    "column": 176
                  }
                },
                {
                  "start": {
                    "line": 3,
                    "column": 180
                  },
                  "end": {
                    "line": 3,
                    "column": 194
                  }
                }
              ]
            },
            "7": {
              "line": 3,
              "type": "if",
              "locations": [
                {
                  "start": {
                    "line": 3,
                    "column": 270
                  },
                  "end": {
                    "line": 3,
                    "column": 270
                  }
                },
                {
                  "start": {
                    "line": 3,
                    "column": 270
                  },
                  "end": {
                    "line": 3,
                    "column": 270
                  }
                }
              ]
            },
            "8": {
              "line": 3,
              "type": "if",
              "locations": [
                {
                  "start": {
                    "line": 3,
                    "column": 419
                  },
                  "end": {
                    "line": 3,
                    "column": 419
                  }
                },
                {
                  "start": {
                    "line": 3,
                    "column": 419
                  },
                  "end": {
                    "line": 3,
                    "column": 419
                  }
                }
              ]
            },
            "9": {
              "line": 3,
              "type": "cond-expr",
              "locations": [
                {
                  "start": {
                    "line": 3,
                    "column": 592
                  },
                  "end": {
                    "line": 3,
                    "column": 596
                  }
                },
                {
                  "start": {
                    "line": 3,
                    "column": 599
                  },
                  "end": {
                    "line": 3,
                    "column": 603
                  }
                }
              ]
            },
            "10": {
              "line": 3,
              "type": "binary-expr",
              "locations": [
                {
                  "start": {
                    "line": 3,
                    "column": 525
                  },
                  "end": {
                    "line": 3,
                    "column": 529
                  }
                },
                {
                  "start": {
                    "line": 3,
                    "column": 534
                  },
                  "end": {
                    "line": 3,
                    "column": 558
                  }
                },
                {
                  "start": {
                    "line": 3,
                    "column": 562
                  },
                  "end": {
                    "line": 3,
                    "column": 588
                  }
                }
              ]
            },
            "11": {
              "line": 3,
              "type": "if",
              "locations": [
                {
                  "start": {
                    "line": 3,
                    "column": 647
                  },
                  "end": {
                    "line": 3,
                    "column": 647
                  }
                },
                {
                  "start": {
                    "line": 3,
                    "column": 647
                  },
                  "end": {
                    "line": 3,
                    "column": 647
                  }
                }
              ]
            },
            "12": {
              "line": 3,
              "type": "binary-expr",
              "locations": [
                {
                  "start": {
                    "line": 3,
                    "column": 651
                  },
                  "end": {
                    "line": 3,
                    "column": 683
                  }
                },
                {
                  "start": {
                    "line": 3,
                    "column": 687
                  },
                  "end": {
                    "line": 3,
                    "column": 706
                  }
                }
              ]
            },
            "13": {
              "line": 3,
              "type": "binary-expr",
              "locations": [
                {
                  "start": {
                    "line": 3,
                    "column": 845
                  },
                  "end": {
                    "line": 3,
                    "column": 855
                  }
                },
                {
                  "start": {
                    "line": 3,
                    "column": 859
                  },
                  "end": {
                    "line": 3,
                    "column": 879
                  }
                }
              ]
            },
            "14": {
              "line": 3,
              "type": "if",
              "locations": [
                {
                  "start": {
                    "line": 3,
                    "column": 974
                  },
                  "end": {
                    "line": 3,
                    "column": 974
                  }
                },
                {
                  "start": {
                    "line": 3,
                    "column": 974
                  },
                  "end": {
                    "line": 3,
                    "column": 974
                  }
                }
              ]
            },
            "15": {
              "line": 3,
              "type": "cond-expr",
              "locations": [
                {
                  "start": {
                    "line": 3,
                    "column": 1014
                  },
                  "end": {
                    "line": 3,
                    "column": 1057
                  }
                },
                {
                  "start": {
                    "line": 3,
                    "column": 1060
                  },
                  "end": {
                    "line": 3,
                    "column": 1091
                  }
                }
              ]
            },
            "16": {
              "line": 32,
              "type": "cond-expr",
              "locations": [
                {
                  "start": {
                    "line": 32,
                    "column": 171
                  },
                  "end": {
                    "line": 32,
                    "column": 187
                  }
                },
                {
                  "start": {
                    "line": 32,
                    "column": 190
                  },
                  "end": {
                    "line": 32,
                    "column": 195
                  }
                }
              ]
            },
            "17": {
              "line": 36,
              "type": "cond-expr",
              "locations": [
                {
                  "start": {
                    "line": 36,
                    "column": 150
                  },
                  "end": {
                    "line": 36,
                    "column": 169
                  }
                },
                {
                  "start": {
                    "line": 36,
                    "column": 172
                  },
                  "end": {
                    "line": 36,
                    "column": 186
                  }
                }
              ]
            },
            "18": {
              "line": 40,
              "type": "cond-expr",
              "locations": [
                {
                  "start": {
                    "line": 40,
                    "column": 371
                  },
                  "end": {
                    "line": 40,
                    "column": 388
                  }
                },
                {
                  "start": {
                    "line": 40,
                    "column": 391
                  },
                  "end": {
                    "line": 40,
                    "column": 396
                  }
                }
              ]
            },
            "19": {
              "line": 41,
              "type": "cond-expr",
              "locations": [
                {
                  "start": {
                    "line": 41,
                    "column": 373
                  },
                  "end": {
                    "line": 41,
                    "column": 391
                  }
                },
                {
                  "start": {
                    "line": 41,
                    "column": 394
                  },
                  "end": {
                    "line": 41,
                    "column": 399
                  }
                }
              ]
            },
            "20": {
              "line": 42,
              "type": "cond-expr",
              "locations": [
                {
                  "start": {
                    "line": 42,
                    "column": 369
                  },
                  "end": {
                    "line": 42,
                    "column": 385
                  }
                },
                {
                  "start": {
                    "line": 42,
                    "column": 388
                  },
                  "end": {
                    "line": 42,
                    "column": 393
                  }
                }
              ]
            },
            "21": {
              "line": 43,
              "type": "cond-expr",
              "locations": [
                {
                  "start": {
                    "line": 43,
                    "column": 375
                  },
                  "end": {
                    "line": 43,
                    "column": 394
                  }
                },
                {
                  "start": {
                    "line": 43,
                    "column": 397
                  },
                  "end": {
                    "line": 43,
                    "column": 402
                  }
                }
              ]
            },
            "22": {
              "line": 44,
              "type": "cond-expr",
              "locations": [
                {
                  "start": {
                    "line": 44,
                    "column": 373
                  },
                  "end": {
                    "line": 44,
                    "column": 391
                  }
                },
                {
                  "start": {
                    "line": 44,
                    "column": 394
                  },
                  "end": {
                    "line": 44,
                    "column": 399
                  }
                }
              ]
            },
            "23": {
              "line": 45,
              "type": "cond-expr",
              "locations": [
                {
                  "start": {
                    "line": 45,
                    "column": 371
                  },
                  "end": {
                    "line": 45,
                    "column": 388
                  }
                },
                {
                  "start": {
                    "line": 45,
                    "column": 391
                  },
                  "end": {
                    "line": 45,
                    "column": 396
                  }
                }
              ]
            },
            "24": {
              "line": 46,
              "type": "cond-expr",
              "locations": [
                {
                  "start": {
                    "line": 46,
                    "column": 400
                  },
                  "end": {
                    "line": 46,
                    "column": 431
                  }
                },
                {
                  "start": {
                    "line": 46,
                    "column": 434
                  },
                  "end": {
                    "line": 46,
                    "column": 439
                  }
                }
              ]
            },
            "25": {
              "line": 47,
              "type": "cond-expr",
              "locations": [
                {
                  "start": {
                    "line": 47,
                    "column": 379
                  },
                  "end": {
                    "line": 47,
                    "column": 400
                  }
                },
                {
                  "start": {
                    "line": 47,
                    "column": 403
                  },
                  "end": {
                    "line": 47,
                    "column": 408
                  }
                }
              ]
            },
            "26": {
              "line": 51,
              "type": "cond-expr",
              "locations": [
                {
                  "start": {
                    "line": 51,
                    "column": 436
                  },
                  "end": {
                    "line": 51,
                    "column": 510
                  }
                },
                {
                  "start": {
                    "line": 51,
                    "column": 513
                  },
                  "end": {
                    "line": 51,
                    "column": 515
                  }
                }
              ]
            },
            "27": {
              "line": 51,
              "type": "cond-expr",
              "locations": [
                {
                  "start": {
                    "line": 51,
                    "column": 576
                  },
                  "end": {
                    "line": 51,
                    "column": 680
                  }
                },
                {
                  "start": {
                    "line": 51,
                    "column": 683
                  },
                  "end": {
                    "line": 51,
                    "column": 685
                  }
                }
              ]
            },
            "28": {
              "line": 52,
              "type": "cond-expr",
              "locations": [
                {
                  "start": {
                    "line": 52,
                    "column": 430
                  },
                  "end": {
                    "line": 52,
                    "column": 501
                  }
                },
                {
                  "start": {
                    "line": 52,
                    "column": 504
                  },
                  "end": {
                    "line": 52,
                    "column": 506
                  }
                }
              ]
            },
            "29": {
              "line": 52,
              "type": "cond-expr",
              "locations": [
                {
                  "start": {
                    "line": 52,
                    "column": 564
                  },
                  "end": {
                    "line": 52,
                    "column": 665
                  }
                },
                {
                  "start": {
                    "line": 52,
                    "column": 668
                  },
                  "end": {
                    "line": 52,
                    "column": 670
                  }
                }
              ]
            },
            "30": {
              "line": 53,
              "type": "cond-expr",
              "locations": [
                {
                  "start": {
                    "line": 53,
                    "column": 432
                  },
                  "end": {
                    "line": 53,
                    "column": 504
                  }
                },
                {
                  "start": {
                    "line": 53,
                    "column": 507
                  },
                  "end": {
                    "line": 53,
                    "column": 509
                  }
                }
              ]
            },
            "31": {
              "line": 53,
              "type": "cond-expr",
              "locations": [
                {
                  "start": {
                    "line": 53,
                    "column": 568
                  },
                  "end": {
                    "line": 53,
                    "column": 670
                  }
                },
                {
                  "start": {
                    "line": 53,
                    "column": 673
                  },
                  "end": {
                    "line": 53,
                    "column": 675
                  }
                }
              ]
            }
          }
        }
      }
    }
  ],
  "postSuiteHeaders": []
}
